mode: atomic
github.com/6ermvH/MerchShop/cmd/api/main.go:19.13,25.15 5 0
github.com/6ermvH/MerchShop/cmd/api/main.go:25.15,28.3 2 0
github.com/6ermvH/MerchShop/cmd/api/main.go:29.2,36.16 7 0
github.com/6ermvH/MerchShop/cmd/api/main.go:36.16,39.3 2 0
github.com/6ermvH/MerchShop/cmd/api/main.go:40.2,49.41 7 0
github.com/6ermvH/MerchShop/cmd/api/main.go:49.41,49.74 1 0
github.com/6ermvH/MerchShop/cmd/api/main.go:51.2,55.42 4 0
github.com/6ermvH/MerchShop/cmd/api/main.go:55.42,58.3 2 0
github.com/6ermvH/MerchShop/cmd/api/main.go:61.37,62.34 1 0
github.com/6ermvH/MerchShop/cmd/api/main.go:62.34,64.3 1 0
github.com/6ermvH/MerchShop/cmd/api/main.go:65.2,65.12 1 0
github.com/6ermvH/MerchShop/gen/mock/handlers/mock_handlers.go:26.65,30.2 3 0
github.com/6ermvH/MerchShop/gen/mock/handlers/mock_handlers.go:33.63,35.2 1 0
github.com/6ermvH/MerchShop/gen/mock/handlers/mock_handlers.go:38.54,41.2 2 0
github.com/6ermvH/MerchShop/gen/mock/handlers/mock_handlers.go:44.79,47.2 2 0
github.com/6ermvH/MerchShop/gen/mock/handlers/mock_handlers.go:50.56,53.2 2 0
github.com/6ermvH/MerchShop/gen/mock/handlers/mock_handlers.go:56.81,59.2 2 0
github.com/6ermvH/MerchShop/gen/mock/handlers/mock_handlers.go:62.53,65.2 2 0
github.com/6ermvH/MerchShop/gen/mock/handlers/mock_handlers.go:68.78,71.2 2 0
github.com/6ermvH/MerchShop/gen/mock/handlers/mock_handlers.go:74.58,77.2 2 0
github.com/6ermvH/MerchShop/gen/mock/handlers/mock_handlers.go:80.83,83.2 2 0
github.com/6ermvH/MerchShop/gen/openapi/routers.go:31.64,33.2 1 0
github.com/6ermvH/MerchShop/gen/openapi/routers.go:36.97,37.51 1 0
github.com/6ermvH/MerchShop/gen/openapi/routers.go:37.51,38.31 1 0
github.com/6ermvH/MerchShop/gen/openapi/routers.go:38.31,40.4 1 0
github.com/6ermvH/MerchShop/gen/openapi/routers.go:41.3,41.23 1 0
github.com/6ermvH/MerchShop/gen/openapi/routers.go:42.23,43.48 1 0
github.com/6ermvH/MerchShop/gen/openapi/routers.go:44.24,45.49 1 0
github.com/6ermvH/MerchShop/gen/openapi/routers.go:46.23,47.48 1 0
github.com/6ermvH/MerchShop/gen/openapi/routers.go:48.25,49.50 1 0
github.com/6ermvH/MerchShop/gen/openapi/routers.go:50.26,51.51 1 0
github.com/6ermvH/MerchShop/gen/openapi/routers.go:55.2,55.15 1 0
github.com/6ermvH/MerchShop/gen/openapi/routers.go:59.40,61.2 1 0
github.com/6ermvH/MerchShop/gen/openapi/routers.go:69.60,96.2 1 0
github.com/6ermvH/MerchShop/gen/mock/repo/mock_repo.go:28.63,32.2 3 0
github.com/6ermvH/MerchShop/gen/mock/repo/mock_repo.go:35.61,37.2 1 0
github.com/6ermvH/MerchShop/gen/mock/repo/mock_repo.go:40.110,46.2 5 0
github.com/6ermvH/MerchShop/gen/mock/repo/mock_repo.go:49.96,52.2 2 0
github.com/6ermvH/MerchShop/gen/mock/repo/mock_repo.go:55.102,60.2 4 0
github.com/6ermvH/MerchShop/gen/mock/repo/mock_repo.go:63.101,66.2 2 0
github.com/6ermvH/MerchShop/gen/mock/repo/mock_repo.go:69.108,75.2 5 0
github.com/6ermvH/MerchShop/gen/mock/repo/mock_repo.go:78.99,81.2 2 0
github.com/6ermvH/MerchShop/gen/mock/repo/mock_repo.go:84.123,90.2 5 0
github.com/6ermvH/MerchShop/gen/mock/repo/mock_repo.go:93.105,96.2 2 0
github.com/6ermvH/MerchShop/gen/mock/repo/mock_repo.go:99.108,105.2 5 0
github.com/6ermvH/MerchShop/gen/mock/repo/mock_repo.go:108.103,111.2 2 0
github.com/6ermvH/MerchShop/gen/mock/repo/mock_repo.go:114.106,120.2 5 0
github.com/6ermvH/MerchShop/gen/mock/repo/mock_repo.go:123.95,126.2 2 0
github.com/6ermvH/MerchShop/gen/mock/repo/mock_repo.go:129.102,135.2 5 0
github.com/6ermvH/MerchShop/gen/mock/repo/mock_repo.go:138.94,141.2 2 0
github.com/6ermvH/MerchShop/gen/mock/repo/mock_repo.go:144.110,150.2 5 0
github.com/6ermvH/MerchShop/gen/mock/repo/mock_repo.go:153.96,156.2 2 0
github.com/6ermvH/MerchShop/gen/mock/repo/mock_repo.go:159.106,165.2 5 0
github.com/6ermvH/MerchShop/gen/mock/repo/mock_repo.go:168.92,171.2 2 0
github.com/6ermvH/MerchShop/gen/mock/repo/mock_repo.go:174.93,180.2 5 0
github.com/6ermvH/MerchShop/gen/mock/repo/mock_repo.go:183.85,186.2 2 0
github.com/6ermvH/MerchShop/gen/mock/repo/mock_repo.go:189.102,195.2 5 0
github.com/6ermvH/MerchShop/gen/mock/repo/mock_repo.go:198.97,201.2 2 0
github.com/6ermvH/MerchShop/gen/mock/repo/mock_repo.go:204.100,209.2 4 0
github.com/6ermvH/MerchShop/gen/mock/repo/mock_repo.go:212.100,215.2 2 0
github.com/6ermvH/MerchShop/internal/db/pool.go:10.70,12.16 2 0
github.com/6ermvH/MerchShop/internal/db/pool.go:12.16,14.3 1 0
github.com/6ermvH/MerchShop/internal/db/pool.go:15.2,15.18 1 0
github.com/6ermvH/MerchShop/cmd/api/main.go:19.13,25.15 5 0
github.com/6ermvH/MerchShop/cmd/api/main.go:25.15,28.3 2 0
github.com/6ermvH/MerchShop/cmd/api/main.go:29.2,36.16 7 0
github.com/6ermvH/MerchShop/cmd/api/main.go:36.16,39.3 2 0
github.com/6ermvH/MerchShop/cmd/api/main.go:40.2,49.41 7 0
github.com/6ermvH/MerchShop/cmd/api/main.go:49.41,49.74 1 0
github.com/6ermvH/MerchShop/cmd/api/main.go:51.2,55.42 4 0
github.com/6ermvH/MerchShop/cmd/api/main.go:55.42,58.3 2 0
github.com/6ermvH/MerchShop/cmd/api/main.go:61.37,62.34 1 0
github.com/6ermvH/MerchShop/cmd/api/main.go:62.34,64.3 1 0
github.com/6ermvH/MerchShop/cmd/api/main.go:65.2,65.12 1 0
github.com/6ermvH/MerchShop/gen/mock/handlers/mock_handlers.go:26.65,30.2 3 0
github.com/6ermvH/MerchShop/gen/mock/handlers/mock_handlers.go:33.63,35.2 1 0
github.com/6ermvH/MerchShop/gen/mock/handlers/mock_handlers.go:38.54,41.2 2 0
github.com/6ermvH/MerchShop/gen/mock/handlers/mock_handlers.go:44.79,47.2 2 0
github.com/6ermvH/MerchShop/gen/mock/handlers/mock_handlers.go:50.56,53.2 2 0
github.com/6ermvH/MerchShop/gen/mock/handlers/mock_handlers.go:56.81,59.2 2 0
github.com/6ermvH/MerchShop/gen/mock/handlers/mock_handlers.go:62.53,65.2 2 0
github.com/6ermvH/MerchShop/gen/mock/handlers/mock_handlers.go:68.78,71.2 2 0
github.com/6ermvH/MerchShop/gen/mock/handlers/mock_handlers.go:74.58,77.2 2 0
github.com/6ermvH/MerchShop/gen/mock/handlers/mock_handlers.go:80.83,83.2 2 0
github.com/6ermvH/MerchShop/gen/mock/repo/mock_repo.go:28.63,32.2 3 0
github.com/6ermvH/MerchShop/gen/mock/repo/mock_repo.go:35.61,37.2 1 0
github.com/6ermvH/MerchShop/gen/mock/repo/mock_repo.go:40.110,46.2 5 0
github.com/6ermvH/MerchShop/gen/mock/repo/mock_repo.go:49.96,52.2 2 0
github.com/6ermvH/MerchShop/gen/mock/repo/mock_repo.go:55.102,60.2 4 0
github.com/6ermvH/MerchShop/gen/mock/repo/mock_repo.go:63.101,66.2 2 0
github.com/6ermvH/MerchShop/gen/mock/repo/mock_repo.go:69.108,75.2 5 0
github.com/6ermvH/MerchShop/gen/mock/repo/mock_repo.go:78.99,81.2 2 0
github.com/6ermvH/MerchShop/gen/mock/repo/mock_repo.go:84.123,90.2 5 0
github.com/6ermvH/MerchShop/gen/mock/repo/mock_repo.go:93.105,96.2 2 0
github.com/6ermvH/MerchShop/gen/mock/repo/mock_repo.go:99.108,105.2 5 0
github.com/6ermvH/MerchShop/gen/mock/repo/mock_repo.go:108.103,111.2 2 0
github.com/6ermvH/MerchShop/gen/mock/repo/mock_repo.go:114.106,120.2 5 0
github.com/6ermvH/MerchShop/gen/mock/repo/mock_repo.go:123.95,126.2 2 0
github.com/6ermvH/MerchShop/gen/mock/repo/mock_repo.go:129.102,135.2 5 0
github.com/6ermvH/MerchShop/gen/mock/repo/mock_repo.go:138.94,141.2 2 0
github.com/6ermvH/MerchShop/gen/mock/repo/mock_repo.go:144.110,150.2 5 0
github.com/6ermvH/MerchShop/gen/mock/repo/mock_repo.go:153.96,156.2 2 0
github.com/6ermvH/MerchShop/gen/mock/repo/mock_repo.go:159.106,165.2 5 0
github.com/6ermvH/MerchShop/gen/mock/repo/mock_repo.go:168.92,171.2 2 0
github.com/6ermvH/MerchShop/gen/mock/repo/mock_repo.go:174.93,180.2 5 0
github.com/6ermvH/MerchShop/gen/mock/repo/mock_repo.go:183.85,186.2 2 0
github.com/6ermvH/MerchShop/gen/mock/repo/mock_repo.go:189.102,195.2 5 0
github.com/6ermvH/MerchShop/gen/mock/repo/mock_repo.go:198.97,201.2 2 0
github.com/6ermvH/MerchShop/gen/mock/repo/mock_repo.go:204.100,209.2 4 0
github.com/6ermvH/MerchShop/gen/mock/repo/mock_repo.go:212.100,215.2 2 0
github.com/6ermvH/MerchShop/gen/openapi/routers.go:31.64,33.2 1 0
github.com/6ermvH/MerchShop/gen/openapi/routers.go:36.97,37.51 1 0
github.com/6ermvH/MerchShop/gen/openapi/routers.go:37.51,38.31 1 0
github.com/6ermvH/MerchShop/gen/openapi/routers.go:38.31,40.4 1 0
github.com/6ermvH/MerchShop/gen/openapi/routers.go:41.3,41.23 1 0
github.com/6ermvH/MerchShop/gen/openapi/routers.go:42.23,43.48 1 0
github.com/6ermvH/MerchShop/gen/openapi/routers.go:44.24,45.49 1 0
github.com/6ermvH/MerchShop/gen/openapi/routers.go:46.23,47.48 1 0
github.com/6ermvH/MerchShop/gen/openapi/routers.go:48.25,49.50 1 0
github.com/6ermvH/MerchShop/gen/openapi/routers.go:50.26,51.51 1 0
github.com/6ermvH/MerchShop/gen/openapi/routers.go:55.2,55.15 1 0
github.com/6ermvH/MerchShop/gen/openapi/routers.go:59.40,61.2 1 0
github.com/6ermvH/MerchShop/gen/openapi/routers.go:69.60,96.2 1 0
github.com/6ermvH/MerchShop/internal/db/pool.go:10.70,12.16 2 0
github.com/6ermvH/MerchShop/internal/db/pool.go:12.16,14.3 1 0
github.com/6ermvH/MerchShop/internal/db/pool.go:15.2,15.18 1 0
github.com/6ermvH/MerchShop/internal/hasher/hasher.go:5.46,8.2 2 8
github.com/6ermvH/MerchShop/internal/hasher/hasher.go:10.43,12.2 1 3
github.com/6ermvH/MerchShop/internal/http/handlers/auth.go:15.45,17.51 2 0
github.com/6ermvH/MerchShop/internal/http/handlers/auth.go:17.51,20.3 2 0
github.com/6ermvH/MerchShop/internal/http/handlers/auth.go:22.2,26.13 4 0
github.com/6ermvH/MerchShop/internal/http/handlers/auth.go:27.11,28.83 1 0
github.com/6ermvH/MerchShop/internal/http/handlers/auth.go:28.83,31.4 2 0
github.com/6ermvH/MerchShop/internal/http/handlers/auth.go:32.24,34.17 2 0
github.com/6ermvH/MerchShop/internal/http/handlers/auth.go:34.17,37.4 2 0
github.com/6ermvH/MerchShop/internal/http/handlers/auth.go:38.3,39.17 2 0
github.com/6ermvH/MerchShop/internal/http/handlers/auth.go:39.17,42.4 2 0
github.com/6ermvH/MerchShop/internal/http/handlers/auth.go:43.10,45.9 2 0
github.com/6ermvH/MerchShop/internal/http/handlers/auth.go:48.2,49.16 2 0
github.com/6ermvH/MerchShop/internal/http/handlers/auth.go:49.16,52.3 2 0
github.com/6ermvH/MerchShop/internal/http/handlers/auth.go:54.2,56.4 1 0
github.com/6ermvH/MerchShop/internal/http/handlers/buy.go:15.47,17.19 2 0
github.com/6ermvH/MerchShop/internal/http/handlers/buy.go:17.19,20.3 2 0
github.com/6ermvH/MerchShop/internal/http/handlers/buy.go:22.2,23.9 2 0
github.com/6ermvH/MerchShop/internal/http/handlers/buy.go:23.9,26.3 2 0
github.com/6ermvH/MerchShop/internal/http/handlers/buy.go:27.2,32.68 4 0
github.com/6ermvH/MerchShop/internal/http/handlers/buy.go:32.68,35.3 2 0
github.com/6ermvH/MerchShop/internal/http/handlers/buy.go:37.2,37.25 1 0
github.com/6ermvH/MerchShop/internal/http/handlers/handlers.go:18.55,23.2 1 0
github.com/6ermvH/MerchShop/internal/http/handlers/handlers.go:25.47,29.2 3 0
github.com/6ermvH/MerchShop/internal/http/handlers/handlers.go:29.2,33.3 3 0
github.com/6ermvH/MerchShop/internal/http/handlers/info.go:14.44,16.9 2 0
github.com/6ermvH/MerchShop/internal/http/handlers/info.go:16.9,19.3 2 0
github.com/6ermvH/MerchShop/internal/http/handlers/info.go:20.2,26.16 5 0
github.com/6ermvH/MerchShop/internal/http/handlers/info.go:26.16,29.3 2 0
github.com/6ermvH/MerchShop/internal/http/handlers/info.go:30.2,33.16 3 0
github.com/6ermvH/MerchShop/internal/http/handlers/info.go:33.16,36.3 2 0
github.com/6ermvH/MerchShop/internal/http/handlers/info.go:37.2,38.27 2 0
github.com/6ermvH/MerchShop/internal/http/handlers/info.go:38.27,44.3 1 0
github.com/6ermvH/MerchShop/internal/http/handlers/info.go:46.2,47.16 2 0
github.com/6ermvH/MerchShop/internal/http/handlers/info.go:47.16,50.3 2 0
github.com/6ermvH/MerchShop/internal/http/handlers/info.go:51.2,52.27 2 0
github.com/6ermvH/MerchShop/internal/http/handlers/info.go:52.27,58.3 1 0
github.com/6ermvH/MerchShop/internal/http/handlers/info.go:60.2,69.33 2 0
github.com/6ermvH/MerchShop/internal/http/handlers/info.go:74.91,78.31 3 0
github.com/6ermvH/MerchShop/internal/http/handlers/info.go:78.31,80.3 1 0
github.com/6ermvH/MerchShop/internal/http/handlers/info.go:82.2,82.43 1 0
github.com/6ermvH/MerchShop/internal/http/handlers/info.go:82.43,88.3 1 0
github.com/6ermvH/MerchShop/internal/http/handlers/info.go:90.2,90.18 1 0
github.com/6ermvH/MerchShop/internal/http/handlers/send.go:17.49,19.51 2 0
github.com/6ermvH/MerchShop/internal/http/handlers/send.go:19.51,22.3 2 0
github.com/6ermvH/MerchShop/internal/http/handlers/send.go:23.2,23.68 1 0
github.com/6ermvH/MerchShop/internal/http/handlers/send.go:23.68,26.3 2 0
github.com/6ermvH/MerchShop/internal/http/handlers/send.go:28.2,29.9 2 0
github.com/6ermvH/MerchShop/internal/http/handlers/send.go:29.9,32.3 2 0
github.com/6ermvH/MerchShop/internal/http/handlers/send.go:33.2,39.16 5 0
github.com/6ermvH/MerchShop/internal/http/handlers/send.go:39.16,40.39 1 0
github.com/6ermvH/MerchShop/internal/http/handlers/send.go:40.39,43.4 2 0
github.com/6ermvH/MerchShop/internal/http/handlers/send.go:44.3,45.9 2 0
github.com/6ermvH/MerchShop/internal/http/handlers/send.go:48.2,48.88 1 0
github.com/6ermvH/MerchShop/internal/http/handlers/send.go:48.88,49.10 1 0
github.com/6ermvH/MerchShop/internal/http/handlers/send.go:50.60,54.5 1 0
github.com/6ermvH/MerchShop/internal/http/handlers/send.go:55.11,56.86 1 0
github.com/6ermvH/MerchShop/internal/http/handlers/send.go:58.3,58.9 1 0
github.com/6ermvH/MerchShop/internal/http/handlers/send.go:61.2,61.25 1 0
github.com/6ermvH/MerchShop/internal/http/middleware/auth.go:19.70,20.30 1 0
github.com/6ermvH/MerchShop/internal/http/middleware/auth.go:20.30,22.16 2 0
github.com/6ermvH/MerchShop/internal/http/middleware/auth.go:22.16,25.4 2 0
github.com/6ermvH/MerchShop/internal/http/middleware/auth.go:27.3,31.34 4 0
github.com/6ermvH/MerchShop/internal/http/middleware/auth.go:31.34,34.4 2 0
github.com/6ermvH/MerchShop/internal/http/middleware/auth.go:36.3,37.24 2 0
github.com/6ermvH/MerchShop/internal/http/middleware/auth.go:37.24,40.4 2 0
github.com/6ermvH/MerchShop/internal/http/middleware/auth.go:42.3,43.23 2 0
github.com/6ermvH/MerchShop/internal/http/middleware/auth.go:43.23,46.4 2 0
github.com/6ermvH/MerchShop/internal/http/middleware/auth.go:48.3,49.17 2 0
github.com/6ermvH/MerchShop/internal/http/middleware/auth.go:49.17,55.4 2 0
github.com/6ermvH/MerchShop/internal/http/middleware/auth.go:57.3,58.44 2 0
github.com/6ermvH/MerchShop/internal/http/middleware/auth.go:58.44,61.4 2 0
github.com/6ermvH/MerchShop/internal/http/middleware/auth.go:61.9,61.37 1 0
github.com/6ermvH/MerchShop/internal/http/middleware/auth.go:61.37,63.4 1 0
github.com/6ermvH/MerchShop/internal/http/middleware/auth.go:66.3,66.28 1 0
github.com/6ermvH/MerchShop/internal/http/middleware/auth.go:66.28,72.4 2 0
github.com/6ermvH/MerchShop/internal/http/middleware/auth.go:74.3,75.11 2 0
github.com/6ermvH/MerchShop/internal/http/middleware/auth.go:79.35,81.40 2 0
github.com/6ermvH/MerchShop/internal/http/middleware/auth.go:81.40,83.3 1 0
github.com/6ermvH/MerchShop/internal/http/middleware/auth.go:84.2,84.11 1 0
github.com/6ermvH/MerchShop/internal/http/middleware/log.go:11.42,12.30 1 0
github.com/6ermvH/MerchShop/internal/http/middleware/log.go:12.30,32.3 7 0
github.com/6ermvH/MerchShop/internal/http/middleware/request_id.go:12.34,13.30 1 0
github.com/6ermvH/MerchShop/internal/http/middleware/request_id.go:13.30,17.3 3 0
github.com/6ermvH/MerchShop/internal/jwtutil/jwtutil.go:17.47,19.2 1 0
github.com/6ermvH/MerchShop/internal/jwtutil/jwtutil.go:21.67,29.16 4 0
github.com/6ermvH/MerchShop/internal/jwtutil/jwtutil.go:29.16,31.3 1 0
github.com/6ermvH/MerchShop/internal/jwtutil/jwtutil.go:32.2,32.17 1 0
github.com/6ermvH/MerchShop/internal/jwtutil/jwtutil.go:40.61,41.63 1 0
github.com/6ermvH/MerchShop/internal/jwtutil/jwtutil.go:41.63,42.53 1 0
github.com/6ermvH/MerchShop/internal/jwtutil/jwtutil.go:42.53,44.4 1 0
github.com/6ermvH/MerchShop/internal/jwtutil/jwtutil.go:45.3,45.24 1 0
github.com/6ermvH/MerchShop/internal/jwtutil/jwtutil.go:47.2,47.30 1 0
github.com/6ermvH/MerchShop/internal/jwtutil/jwtutil.go:47.30,49.3 1 0
github.com/6ermvH/MerchShop/internal/jwtutil/jwtutil.go:50.2,51.9 2 0
github.com/6ermvH/MerchShop/internal/jwtutil/jwtutil.go:51.9,53.3 1 0
github.com/6ermvH/MerchShop/internal/jwtutil/jwtutil.go:54.2,54.20 1 0
github.com/6ermvH/MerchShop/internal/logx/context.go:7.65,9.2 1 0
github.com/6ermvH/MerchShop/internal/logx/context.go:11.46,12.40 1 0
github.com/6ermvH/MerchShop/internal/logx/context.go:12.40,13.42 1 0
github.com/6ermvH/MerchShop/internal/logx/context.go:13.42,15.4 1 0
github.com/6ermvH/MerchShop/internal/logx/context.go:17.2,17.14 1 0
github.com/6ermvH/MerchShop/internal/logx/context.go:22.51,22.67 1 0
github.com/6ermvH/MerchShop/internal/logx/context.go:23.52,23.53 0 0
github.com/6ermvH/MerchShop/internal/logx/context.go:24.52,24.53 0 0
github.com/6ermvH/MerchShop/internal/logx/context.go:25.52,25.53 0 0
github.com/6ermvH/MerchShop/internal/logx/context.go:26.52,26.53 0 0
github.com/6ermvH/MerchShop/internal/logx/slogadapter.go:10.36,10.58 1 0
github.com/6ermvH/MerchShop/internal/logx/slogadapter.go:12.41,12.79 1 0
github.com/6ermvH/MerchShop/internal/logx/slogadapter.go:13.68,15.2 1 0
github.com/6ermvH/MerchShop/internal/logx/slogadapter.go:21.3,23.2 1 0
github.com/6ermvH/MerchShop/internal/logx/slogadapter.go:29.3,31.2 1 0
github.com/6ermvH/MerchShop/internal/logx/slogadapter.go:33.68,35.2 1 0
github.com/6ermvH/MerchShop/internal/repo/orders.go:13.24,22.2 4 0
github.com/6ermvH/MerchShop/internal/repo/orders.go:24.97,34.16 3 0
github.com/6ermvH/MerchShop/internal/repo/orders.go:34.16,36.3 1 0
github.com/6ermvH/MerchShop/internal/repo/orders.go:37.2,40.18 3 0
github.com/6ermvH/MerchShop/internal/repo/orders.go:40.18,42.115 2 0
github.com/6ermvH/MerchShop/internal/repo/orders.go:42.115,44.4 1 0
github.com/6ermvH/MerchShop/internal/repo/orders.go:45.3,45.29 1 0
github.com/6ermvH/MerchShop/internal/repo/orders.go:47.2,47.35 1 0
github.com/6ermvH/MerchShop/internal/repo/orders.go:47.35,49.3 1 0
github.com/6ermvH/MerchShop/internal/repo/orders.go:50.2,50.20 1 0
github.com/6ermvH/MerchShop/internal/repo/products.go:11.93,19.16 4 0
github.com/6ermvH/MerchShop/internal/repo/products.go:19.16,20.36 1 0
github.com/6ermvH/MerchShop/internal/repo/products.go:20.36,22.4 1 0
github.com/6ermvH/MerchShop/internal/repo/products.go:23.3,23.30 1 0
github.com/6ermvH/MerchShop/internal/repo/products.go:25.2,25.15 1 0
github.com/6ermvH/MerchShop/internal/repo/repo.go:15.27,17.2 1 0
github.com/6ermvH/MerchShop/internal/repo/repo.go:19.99,20.17 1 0
github.com/6ermvH/MerchShop/internal/repo/repo.go:20.17,22.3 1 0
github.com/6ermvH/MerchShop/internal/repo/repo.go:23.2,23.28 1 0
github.com/6ermvH/MerchShop/internal/repo/repo.go:23.28,25.3 1 0
github.com/6ermvH/MerchShop/internal/repo/repo.go:27.2,27.57 1 0
github.com/6ermvH/MerchShop/internal/repo/repo.go:27.57,28.71 1 0
github.com/6ermvH/MerchShop/internal/repo/repo.go:28.71,30.4 1 0
github.com/6ermvH/MerchShop/internal/repo/repo.go:31.3,31.69 1 0
github.com/6ermvH/MerchShop/internal/repo/repo.go:31.69,33.4 1 0
github.com/6ermvH/MerchShop/internal/repo/repo.go:34.3,35.13 2 0
github.com/6ermvH/MerchShop/internal/repo/repo.go:43.9,44.57 1 0
github.com/6ermvH/MerchShop/internal/repo/repo.go:44.57,46.17 2 0
github.com/6ermvH/MerchShop/internal/repo/repo.go:46.17,48.4 1 0
github.com/6ermvH/MerchShop/internal/repo/repo.go:49.3,49.74 1 0
github.com/6ermvH/MerchShop/internal/repo/repo.go:49.74,51.4 1 0
github.com/6ermvH/MerchShop/internal/repo/repo.go:52.3,52.69 1 0
github.com/6ermvH/MerchShop/internal/repo/repo.go:52.69,54.4 1 0
github.com/6ermvH/MerchShop/internal/repo/repo.go:55.3,55.13 1 0
github.com/6ermvH/MerchShop/internal/repo/transfers.go:14.27,23.2 4 0
github.com/6ermvH/MerchShop/internal/repo/transfers.go:25.97,33.16 3 0
github.com/6ermvH/MerchShop/internal/repo/transfers.go:33.16,35.3 1 0
github.com/6ermvH/MerchShop/internal/repo/transfers.go:36.2,39.18 3 0
github.com/6ermvH/MerchShop/internal/repo/transfers.go:39.18,41.112 2 0
github.com/6ermvH/MerchShop/internal/repo/transfers.go:41.112,43.4 1 0
github.com/6ermvH/MerchShop/internal/repo/transfers.go:44.3,44.35 1 0
github.com/6ermvH/MerchShop/internal/repo/transfers.go:46.2,46.35 1 0
github.com/6ermvH/MerchShop/internal/repo/transfers.go:46.35,48.3 1 0
github.com/6ermvH/MerchShop/internal/repo/transfers.go:49.2,49.23 1 0
github.com/6ermvH/MerchShop/internal/repo/transfers.go:52.95,60.16 3 0
github.com/6ermvH/MerchShop/internal/repo/transfers.go:60.16,62.3 1 0
github.com/6ermvH/MerchShop/internal/repo/transfers.go:63.2,66.18 3 0
github.com/6ermvH/MerchShop/internal/repo/transfers.go:66.18,68.110 2 0
github.com/6ermvH/MerchShop/internal/repo/transfers.go:68.110,70.4 1 0
github.com/6ermvH/MerchShop/internal/repo/transfers.go:71.3,71.35 1 0
github.com/6ermvH/MerchShop/internal/repo/transfers.go:73.2,73.35 1 0
github.com/6ermvH/MerchShop/internal/repo/transfers.go:73.35,75.3 1 0
github.com/6ermvH/MerchShop/internal/repo/transfers.go:76.2,76.23 1 0
github.com/6ermvH/MerchShop/internal/repo/tx.go:31.51,32.60 1 0
github.com/6ermvH/MerchShop/internal/repo/tx.go:32.60,34.3 1 0
github.com/6ermvH/MerchShop/internal/repo/tx.go:35.2,35.13 1 0
github.com/6ermvH/MerchShop/internal/repo/tx.go:48.9,52.17 4 0
github.com/6ermvH/MerchShop/internal/repo/tx.go:52.17,54.26 2 0
github.com/6ermvH/MerchShop/internal/repo/tx.go:54.26,56.4 1 0
github.com/6ermvH/MerchShop/internal/repo/tx.go:57.3,57.30 1 0
github.com/6ermvH/MerchShop/internal/repo/tx.go:57.30,59.4 1 0
github.com/6ermvH/MerchShop/internal/repo/tx.go:61.2,61.60 1 0
github.com/6ermvH/MerchShop/internal/repo/tx.go:61.60,63.3 1 0
github.com/6ermvH/MerchShop/internal/repo/tx.go:65.2,65.32 1 0
github.com/6ermvH/MerchShop/internal/repo/tx.go:65.32,68.18 3 0
github.com/6ermvH/MerchShop/internal/repo/tx.go:68.18,71.4 2 0
github.com/6ermvH/MerchShop/internal/repo/tx.go:73.3,74.17 2 0
github.com/6ermvH/MerchShop/internal/repo/tx.go:74.17,76.4 1 0
github.com/6ermvH/MerchShop/internal/repo/tx.go:78.3,79.17 2 0
github.com/6ermvH/MerchShop/internal/repo/tx.go:79.17,81.78 2 0
github.com/6ermvH/MerchShop/internal/repo/tx.go:81.78,82.13 1 0
github.com/6ermvH/MerchShop/internal/repo/tx.go:84.4,84.14 1 0
github.com/6ermvH/MerchShop/internal/repo/tx.go:86.3,86.42 1 0
github.com/6ermvH/MerchShop/internal/repo/tx.go:86.42,87.78 1 0
github.com/6ermvH/MerchShop/internal/repo/tx.go:87.78,88.13 1 0
github.com/6ermvH/MerchShop/internal/repo/tx.go:90.4,90.14 1 0
github.com/6ermvH/MerchShop/internal/repo/tx.go:92.3,92.13 1 0
github.com/6ermvH/MerchShop/internal/repo/tx.go:96.38,99.2 2 0
github.com/6ermvH/MerchShop/internal/repo/users.go:15.84,22.16 4 0
github.com/6ermvH/MerchShop/internal/repo/users.go:22.16,23.36 1 0
github.com/6ermvH/MerchShop/internal/repo/users.go:23.36,25.4 1 0
github.com/6ermvH/MerchShop/internal/repo/users.go:26.3,26.27 1 0
github.com/6ermvH/MerchShop/internal/repo/users.go:28.2,28.15 1 0
github.com/6ermvH/MerchShop/internal/repo/users.go:31.93,38.16 4 0
github.com/6ermvH/MerchShop/internal/repo/users.go:38.16,39.36 1 0
github.com/6ermvH/MerchShop/internal/repo/users.go:39.36,41.4 1 0
github.com/6ermvH/MerchShop/internal/repo/users.go:42.3,42.27 1 0
github.com/6ermvH/MerchShop/internal/repo/users.go:44.2,44.15 1 0
github.com/6ermvH/MerchShop/internal/repo/users.go:51.23,57.36 3 0
github.com/6ermvH/MerchShop/internal/repo/users.go:57.36,58.36 1 0
github.com/6ermvH/MerchShop/internal/repo/users.go:58.36,60.4 1 0
github.com/6ermvH/MerchShop/internal/repo/users.go:61.3,61.27 1 0
github.com/6ermvH/MerchShop/internal/repo/users.go:63.2,64.16 2 0
github.com/6ermvH/MerchShop/internal/repo/users.go:64.16,66.3 1 0
github.com/6ermvH/MerchShop/internal/repo/users.go:68.2,75.15 3 0
github.com/6ermvH/MerchShop/internal/repo/users.go:78.99,87.2 4 0
github.com/6ermvH/MerchShop/cmd/api/main.go:19.13,25.15 5 0
github.com/6ermvH/MerchShop/cmd/api/main.go:25.15,28.3 2 0
github.com/6ermvH/MerchShop/cmd/api/main.go:29.2,36.16 7 0
github.com/6ermvH/MerchShop/cmd/api/main.go:36.16,39.3 2 0
github.com/6ermvH/MerchShop/cmd/api/main.go:40.2,49.41 7 0
github.com/6ermvH/MerchShop/cmd/api/main.go:49.41,49.74 1 0
github.com/6ermvH/MerchShop/cmd/api/main.go:51.2,55.42 4 0
github.com/6ermvH/MerchShop/cmd/api/main.go:55.42,58.3 2 0
github.com/6ermvH/MerchShop/cmd/api/main.go:61.37,62.34 1 0
github.com/6ermvH/MerchShop/cmd/api/main.go:62.34,64.3 1 0
github.com/6ermvH/MerchShop/cmd/api/main.go:65.2,65.12 1 0
github.com/6ermvH/MerchShop/gen/mock/handlers/mock_handlers.go:26.65,30.2 3 0
github.com/6ermvH/MerchShop/gen/mock/handlers/mock_handlers.go:33.63,35.2 1 0
github.com/6ermvH/MerchShop/gen/mock/handlers/mock_handlers.go:38.54,41.2 2 0
github.com/6ermvH/MerchShop/gen/mock/handlers/mock_handlers.go:44.79,47.2 2 0
github.com/6ermvH/MerchShop/gen/mock/handlers/mock_handlers.go:50.56,53.2 2 0
github.com/6ermvH/MerchShop/gen/mock/handlers/mock_handlers.go:56.81,59.2 2 0
github.com/6ermvH/MerchShop/gen/mock/handlers/mock_handlers.go:62.53,65.2 2 0
github.com/6ermvH/MerchShop/gen/mock/handlers/mock_handlers.go:68.78,71.2 2 0
github.com/6ermvH/MerchShop/gen/mock/handlers/mock_handlers.go:74.58,77.2 2 0
github.com/6ermvH/MerchShop/gen/mock/handlers/mock_handlers.go:80.83,83.2 2 0
github.com/6ermvH/MerchShop/gen/mock/repo/mock_repo.go:28.63,32.2 3 3
github.com/6ermvH/MerchShop/gen/mock/repo/mock_repo.go:35.61,37.2 1 2
github.com/6ermvH/MerchShop/gen/mock/repo/mock_repo.go:40.110,46.2 5 0
github.com/6ermvH/MerchShop/gen/mock/repo/mock_repo.go:49.96,52.2 2 0
github.com/6ermvH/MerchShop/gen/mock/repo/mock_repo.go:55.102,60.2 4 0
github.com/6ermvH/MerchShop/gen/mock/repo/mock_repo.go:63.101,66.2 2 0
github.com/6ermvH/MerchShop/gen/mock/repo/mock_repo.go:69.108,75.2 5 0
github.com/6ermvH/MerchShop/gen/mock/repo/mock_repo.go:78.99,81.2 2 0
github.com/6ermvH/MerchShop/gen/mock/repo/mock_repo.go:84.123,90.2 5 0
github.com/6ermvH/MerchShop/gen/mock/repo/mock_repo.go:93.105,96.2 2 0
github.com/6ermvH/MerchShop/gen/mock/repo/mock_repo.go:99.108,105.2 5 0
github.com/6ermvH/MerchShop/gen/mock/repo/mock_repo.go:108.103,111.2 2 0
github.com/6ermvH/MerchShop/gen/mock/repo/mock_repo.go:114.106,120.2 5 0
github.com/6ermvH/MerchShop/gen/mock/repo/mock_repo.go:123.95,126.2 2 0
github.com/6ermvH/MerchShop/gen/mock/repo/mock_repo.go:129.102,135.2 5 0
github.com/6ermvH/MerchShop/gen/mock/repo/mock_repo.go:138.94,141.2 2 0
github.com/6ermvH/MerchShop/gen/mock/repo/mock_repo.go:144.110,150.2 5 0
github.com/6ermvH/MerchShop/gen/mock/repo/mock_repo.go:153.96,156.2 2 0
github.com/6ermvH/MerchShop/gen/mock/repo/mock_repo.go:159.106,165.2 5 0
github.com/6ermvH/MerchShop/gen/mock/repo/mock_repo.go:168.92,171.2 2 0
github.com/6ermvH/MerchShop/gen/mock/repo/mock_repo.go:174.93,180.2 5 2
github.com/6ermvH/MerchShop/gen/mock/repo/mock_repo.go:183.85,186.2 2 2
github.com/6ermvH/MerchShop/gen/mock/repo/mock_repo.go:189.102,195.2 5 0
github.com/6ermvH/MerchShop/gen/mock/repo/mock_repo.go:198.97,201.2 2 0
github.com/6ermvH/MerchShop/gen/mock/repo/mock_repo.go:204.100,209.2 4 0
github.com/6ermvH/MerchShop/gen/mock/repo/mock_repo.go:212.100,215.2 2 0
github.com/6ermvH/MerchShop/gen/openapi/routers.go:31.64,33.2 1 0
github.com/6ermvH/MerchShop/gen/openapi/routers.go:36.97,37.51 1 0
github.com/6ermvH/MerchShop/gen/openapi/routers.go:37.51,38.31 1 0
github.com/6ermvH/MerchShop/gen/openapi/routers.go:38.31,40.4 1 0
github.com/6ermvH/MerchShop/gen/openapi/routers.go:41.3,41.23 1 0
github.com/6ermvH/MerchShop/gen/openapi/routers.go:42.23,43.48 1 0
github.com/6ermvH/MerchShop/gen/openapi/routers.go:44.24,45.49 1 0
github.com/6ermvH/MerchShop/gen/openapi/routers.go:46.23,47.48 1 0
github.com/6ermvH/MerchShop/gen/openapi/routers.go:48.25,49.50 1 0
github.com/6ermvH/MerchShop/gen/openapi/routers.go:50.26,51.51 1 0
github.com/6ermvH/MerchShop/gen/openapi/routers.go:55.2,55.15 1 0
github.com/6ermvH/MerchShop/gen/openapi/routers.go:59.40,61.2 1 0
github.com/6ermvH/MerchShop/gen/openapi/routers.go:69.60,96.2 1 0
github.com/6ermvH/MerchShop/internal/db/pool.go:10.70,12.16 2 0
github.com/6ermvH/MerchShop/internal/db/pool.go:12.16,14.3 1 0
github.com/6ermvH/MerchShop/internal/db/pool.go:15.2,15.18 1 0
github.com/6ermvH/MerchShop/internal/hasher/hasher.go:5.46,8.2 2 0
github.com/6ermvH/MerchShop/internal/hasher/hasher.go:10.43,12.2 1 0
github.com/6ermvH/MerchShop/internal/http/handlers/auth.go:15.45,17.51 2 0
github.com/6ermvH/MerchShop/internal/http/handlers/auth.go:17.51,20.3 2 0
github.com/6ermvH/MerchShop/internal/http/handlers/auth.go:22.2,26.13 4 0
github.com/6ermvH/MerchShop/internal/http/handlers/auth.go:27.11,28.83 1 0
github.com/6ermvH/MerchShop/internal/http/handlers/auth.go:28.83,31.4 2 0
github.com/6ermvH/MerchShop/internal/http/handlers/auth.go:32.24,34.17 2 0
github.com/6ermvH/MerchShop/internal/http/handlers/auth.go:34.17,37.4 2 0
github.com/6ermvH/MerchShop/internal/http/handlers/auth.go:38.3,39.17 2 0
github.com/6ermvH/MerchShop/internal/http/handlers/auth.go:39.17,42.4 2 0
github.com/6ermvH/MerchShop/internal/http/handlers/auth.go:43.10,45.9 2 0
github.com/6ermvH/MerchShop/internal/http/handlers/auth.go:48.2,49.16 2 0
github.com/6ermvH/MerchShop/internal/http/handlers/auth.go:49.16,52.3 2 0
github.com/6ermvH/MerchShop/internal/http/handlers/auth.go:54.2,56.4 1 0
github.com/6ermvH/MerchShop/internal/http/handlers/buy.go:15.47,17.19 2 0
github.com/6ermvH/MerchShop/internal/http/handlers/buy.go:17.19,20.3 2 0
github.com/6ermvH/MerchShop/internal/http/handlers/buy.go:22.2,23.9 2 0
github.com/6ermvH/MerchShop/internal/http/handlers/buy.go:23.9,26.3 2 0
github.com/6ermvH/MerchShop/internal/http/handlers/buy.go:27.2,32.68 4 0
github.com/6ermvH/MerchShop/internal/http/handlers/buy.go:32.68,35.3 2 0
github.com/6ermvH/MerchShop/internal/http/handlers/buy.go:37.2,37.25 1 0
github.com/6ermvH/MerchShop/internal/http/handlers/handlers.go:18.55,23.2 1 0
github.com/6ermvH/MerchShop/internal/http/handlers/handlers.go:25.47,29.2 3 0
github.com/6ermvH/MerchShop/internal/http/handlers/handlers.go:29.2,33.3 3 0
github.com/6ermvH/MerchShop/internal/http/handlers/info.go:14.44,16.9 2 0
github.com/6ermvH/MerchShop/internal/http/handlers/info.go:16.9,19.3 2 0
github.com/6ermvH/MerchShop/internal/http/handlers/info.go:20.2,26.16 5 0
github.com/6ermvH/MerchShop/internal/http/handlers/info.go:26.16,29.3 2 0
github.com/6ermvH/MerchShop/internal/http/handlers/info.go:30.2,33.16 3 0
github.com/6ermvH/MerchShop/internal/http/handlers/info.go:33.16,36.3 2 0
github.com/6ermvH/MerchShop/internal/http/handlers/info.go:37.2,38.27 2 0
github.com/6ermvH/MerchShop/internal/http/handlers/info.go:38.27,44.3 1 0
github.com/6ermvH/MerchShop/internal/http/handlers/info.go:46.2,47.16 2 0
github.com/6ermvH/MerchShop/internal/http/handlers/info.go:47.16,50.3 2 0
github.com/6ermvH/MerchShop/internal/http/handlers/info.go:51.2,52.27 2 0
github.com/6ermvH/MerchShop/internal/http/handlers/info.go:52.27,58.3 1 0
github.com/6ermvH/MerchShop/internal/http/handlers/info.go:60.2,69.33 2 0
github.com/6ermvH/MerchShop/internal/http/handlers/info.go:74.91,78.31 3 0
github.com/6ermvH/MerchShop/internal/http/handlers/info.go:78.31,80.3 1 0
github.com/6ermvH/MerchShop/internal/http/handlers/info.go:82.2,82.43 1 0
github.com/6ermvH/MerchShop/internal/http/handlers/info.go:82.43,88.3 1 0
github.com/6ermvH/MerchShop/internal/http/handlers/info.go:90.2,90.18 1 0
github.com/6ermvH/MerchShop/internal/http/handlers/send.go:17.49,19.51 2 0
github.com/6ermvH/MerchShop/internal/http/handlers/send.go:19.51,22.3 2 0
github.com/6ermvH/MerchShop/internal/http/handlers/send.go:23.2,23.68 1 0
github.com/6ermvH/MerchShop/internal/http/handlers/send.go:23.68,26.3 2 0
github.com/6ermvH/MerchShop/internal/http/handlers/send.go:28.2,29.9 2 0
github.com/6ermvH/MerchShop/internal/http/handlers/send.go:29.9,32.3 2 0
github.com/6ermvH/MerchShop/internal/http/handlers/send.go:33.2,39.16 5 0
github.com/6ermvH/MerchShop/internal/http/handlers/send.go:39.16,40.39 1 0
github.com/6ermvH/MerchShop/internal/http/handlers/send.go:40.39,43.4 2 0
github.com/6ermvH/MerchShop/internal/http/handlers/send.go:44.3,45.9 2 0
github.com/6ermvH/MerchShop/internal/http/handlers/send.go:48.2,48.88 1 0
github.com/6ermvH/MerchShop/internal/http/handlers/send.go:48.88,49.10 1 0
github.com/6ermvH/MerchShop/internal/http/handlers/send.go:50.60,54.5 1 0
github.com/6ermvH/MerchShop/internal/http/handlers/send.go:55.11,56.86 1 0
github.com/6ermvH/MerchShop/internal/http/handlers/send.go:58.3,58.9 1 0
github.com/6ermvH/MerchShop/internal/http/handlers/send.go:61.2,61.25 1 0
github.com/6ermvH/MerchShop/internal/http/middleware/auth.go:19.70,20.30 1 3
github.com/6ermvH/MerchShop/internal/http/middleware/auth.go:20.30,22.16 2 3
github.com/6ermvH/MerchShop/internal/http/middleware/auth.go:22.16,25.4 2 1
github.com/6ermvH/MerchShop/internal/http/middleware/auth.go:27.3,31.34 4 2
github.com/6ermvH/MerchShop/internal/http/middleware/auth.go:31.34,34.4 2 0
github.com/6ermvH/MerchShop/internal/http/middleware/auth.go:36.3,37.24 2 2
github.com/6ermvH/MerchShop/internal/http/middleware/auth.go:37.24,40.4 2 0
github.com/6ermvH/MerchShop/internal/http/middleware/auth.go:42.3,43.23 2 2
github.com/6ermvH/MerchShop/internal/http/middleware/auth.go:43.23,46.4 2 0
github.com/6ermvH/MerchShop/internal/http/middleware/auth.go:48.3,49.17 2 2
github.com/6ermvH/MerchShop/internal/http/middleware/auth.go:49.17,55.4 2 0
github.com/6ermvH/MerchShop/internal/http/middleware/auth.go:57.3,58.44 2 2
github.com/6ermvH/MerchShop/internal/http/middleware/auth.go:58.44,61.4 2 0
github.com/6ermvH/MerchShop/internal/http/middleware/auth.go:61.9,61.37 1 2
github.com/6ermvH/MerchShop/internal/http/middleware/auth.go:61.37,63.4 1 1
github.com/6ermvH/MerchShop/internal/http/middleware/auth.go:66.3,66.28 1 2
github.com/6ermvH/MerchShop/internal/http/middleware/auth.go:66.28,72.4 2 0
github.com/6ermvH/MerchShop/internal/http/middleware/auth.go:74.3,75.11 2 2
github.com/6ermvH/MerchShop/internal/http/middleware/auth.go:79.35,81.40 2 6
github.com/6ermvH/MerchShop/internal/http/middleware/auth.go:81.40,83.3 1 3
github.com/6ermvH/MerchShop/internal/http/middleware/auth.go:84.2,84.11 1 3
github.com/6ermvH/MerchShop/internal/http/middleware/log.go:11.42,12.30 1 0
github.com/6ermvH/MerchShop/internal/http/middleware/log.go:12.30,32.3 7 0
github.com/6ermvH/MerchShop/internal/http/middleware/request_id.go:12.34,13.30 1 0
github.com/6ermvH/MerchShop/internal/http/middleware/request_id.go:13.30,17.3 3 0
github.com/6ermvH/MerchShop/internal/jwtutil/jwtutil.go:17.47,19.2 1 3
github.com/6ermvH/MerchShop/internal/jwtutil/jwtutil.go:21.67,29.16 4 2
github.com/6ermvH/MerchShop/internal/jwtutil/jwtutil.go:29.16,31.3 1 0
github.com/6ermvH/MerchShop/internal/jwtutil/jwtutil.go:32.2,32.17 1 2
github.com/6ermvH/MerchShop/internal/jwtutil/jwtutil.go:40.61,41.63 1 2
github.com/6ermvH/MerchShop/internal/jwtutil/jwtutil.go:41.63,42.53 1 2
github.com/6ermvH/MerchShop/internal/jwtutil/jwtutil.go:42.53,44.4 1 0
github.com/6ermvH/MerchShop/internal/jwtutil/jwtutil.go:45.3,45.24 1 2
github.com/6ermvH/MerchShop/internal/jwtutil/jwtutil.go:47.2,47.30 1 2
github.com/6ermvH/MerchShop/internal/jwtutil/jwtutil.go:47.30,49.3 1 0
github.com/6ermvH/MerchShop/internal/jwtutil/jwtutil.go:50.2,51.9 2 2
github.com/6ermvH/MerchShop/internal/jwtutil/jwtutil.go:51.9,53.3 1 0
github.com/6ermvH/MerchShop/internal/jwtutil/jwtutil.go:54.2,54.20 1 2
github.com/6ermvH/MerchShop/internal/logx/context.go:7.65,9.2 1 0
github.com/6ermvH/MerchShop/internal/logx/context.go:11.46,12.40 1 0
github.com/6ermvH/MerchShop/internal/logx/context.go:12.40,13.42 1 0
github.com/6ermvH/MerchShop/internal/logx/context.go:13.42,15.4 1 0
github.com/6ermvH/MerchShop/internal/logx/context.go:17.2,17.14 1 0
github.com/6ermvH/MerchShop/internal/logx/context.go:22.51,22.67 1 0
github.com/6ermvH/MerchShop/internal/logx/context.go:23.52,23.53 0 0
github.com/6ermvH/MerchShop/internal/logx/context.go:24.52,24.53 0 0
github.com/6ermvH/MerchShop/internal/logx/context.go:25.52,25.53 0 0
github.com/6ermvH/MerchShop/internal/logx/context.go:26.52,26.53 0 0
github.com/6ermvH/MerchShop/internal/logx/slogadapter.go:10.36,10.58 1 0
github.com/6ermvH/MerchShop/internal/logx/slogadapter.go:12.41,12.79 1 0
github.com/6ermvH/MerchShop/internal/logx/slogadapter.go:13.68,15.2 1 0
github.com/6ermvH/MerchShop/internal/logx/slogadapter.go:21.3,23.2 1 0
github.com/6ermvH/MerchShop/internal/logx/slogadapter.go:29.3,31.2 1 0
github.com/6ermvH/MerchShop/internal/logx/slogadapter.go:33.68,35.2 1 0
github.com/6ermvH/MerchShop/internal/repo/orders.go:13.24,22.2 4 0
github.com/6ermvH/MerchShop/internal/repo/orders.go:24.97,34.16 3 0
github.com/6ermvH/MerchShop/internal/repo/orders.go:34.16,36.3 1 0
github.com/6ermvH/MerchShop/internal/repo/orders.go:37.2,40.18 3 0
github.com/6ermvH/MerchShop/internal/repo/orders.go:40.18,42.115 2 0
github.com/6ermvH/MerchShop/internal/repo/orders.go:42.115,44.4 1 0
github.com/6ermvH/MerchShop/internal/repo/orders.go:45.3,45.29 1 0
github.com/6ermvH/MerchShop/internal/repo/orders.go:47.2,47.35 1 0
github.com/6ermvH/MerchShop/internal/repo/orders.go:47.35,49.3 1 0
github.com/6ermvH/MerchShop/internal/repo/orders.go:50.2,50.20 1 0
github.com/6ermvH/MerchShop/internal/repo/products.go:11.93,19.16 4 0
github.com/6ermvH/MerchShop/internal/repo/products.go:19.16,20.36 1 0
github.com/6ermvH/MerchShop/internal/repo/products.go:20.36,22.4 1 0
github.com/6ermvH/MerchShop/internal/repo/products.go:23.3,23.30 1 0
github.com/6ermvH/MerchShop/internal/repo/products.go:25.2,25.15 1 0
github.com/6ermvH/MerchShop/internal/repo/repo.go:15.27,17.2 1 0
github.com/6ermvH/MerchShop/internal/repo/repo.go:19.99,20.17 1 0
github.com/6ermvH/MerchShop/internal/repo/repo.go:20.17,22.3 1 0
github.com/6ermvH/MerchShop/internal/repo/repo.go:23.2,23.28 1 0
github.com/6ermvH/MerchShop/internal/repo/repo.go:23.28,25.3 1 0
github.com/6ermvH/MerchShop/internal/repo/repo.go:27.2,27.57 1 0
github.com/6ermvH/MerchShop/internal/repo/repo.go:27.57,28.71 1 0
github.com/6ermvH/MerchShop/internal/repo/repo.go:28.71,30.4 1 0
github.com/6ermvH/MerchShop/internal/repo/repo.go:31.3,31.69 1 0
github.com/6ermvH/MerchShop/internal/repo/repo.go:31.69,33.4 1 0
github.com/6ermvH/MerchShop/internal/repo/repo.go:34.3,35.13 2 0
github.com/6ermvH/MerchShop/internal/repo/repo.go:43.9,44.57 1 0
github.com/6ermvH/MerchShop/internal/repo/repo.go:44.57,46.17 2 0
github.com/6ermvH/MerchShop/internal/repo/repo.go:46.17,48.4 1 0
github.com/6ermvH/MerchShop/internal/repo/repo.go:49.3,49.74 1 0
github.com/6ermvH/MerchShop/internal/repo/repo.go:49.74,51.4 1 0
github.com/6ermvH/MerchShop/internal/repo/repo.go:52.3,52.69 1 0
github.com/6ermvH/MerchShop/internal/repo/repo.go:52.69,54.4 1 0
github.com/6ermvH/MerchShop/internal/repo/repo.go:55.3,55.13 1 0
github.com/6ermvH/MerchShop/internal/repo/transfers.go:14.27,23.2 4 0
github.com/6ermvH/MerchShop/internal/repo/transfers.go:25.97,33.16 3 0
github.com/6ermvH/MerchShop/internal/repo/transfers.go:33.16,35.3 1 0
github.com/6ermvH/MerchShop/internal/repo/transfers.go:36.2,39.18 3 0
github.com/6ermvH/MerchShop/internal/repo/transfers.go:39.18,41.112 2 0
github.com/6ermvH/MerchShop/internal/repo/transfers.go:41.112,43.4 1 0
github.com/6ermvH/MerchShop/internal/repo/transfers.go:44.3,44.35 1 0
github.com/6ermvH/MerchShop/internal/repo/transfers.go:46.2,46.35 1 0
github.com/6ermvH/MerchShop/internal/repo/transfers.go:46.35,48.3 1 0
github.com/6ermvH/MerchShop/internal/repo/transfers.go:49.2,49.23 1 0
github.com/6ermvH/MerchShop/internal/repo/transfers.go:52.95,60.16 3 0
github.com/6ermvH/MerchShop/internal/repo/transfers.go:60.16,62.3 1 0
github.com/6ermvH/MerchShop/internal/repo/transfers.go:63.2,66.18 3 0
github.com/6ermvH/MerchShop/internal/repo/transfers.go:66.18,68.110 2 0
github.com/6ermvH/MerchShop/internal/repo/transfers.go:68.110,70.4 1 0
github.com/6ermvH/MerchShop/internal/repo/transfers.go:71.3,71.35 1 0
github.com/6ermvH/MerchShop/internal/repo/transfers.go:73.2,73.35 1 0
github.com/6ermvH/MerchShop/internal/repo/transfers.go:73.35,75.3 1 0
github.com/6ermvH/MerchShop/internal/repo/transfers.go:76.2,76.23 1 0
github.com/6ermvH/MerchShop/internal/repo/tx.go:31.51,32.60 1 0
github.com/6ermvH/MerchShop/internal/repo/tx.go:32.60,34.3 1 0
github.com/6ermvH/MerchShop/internal/repo/tx.go:35.2,35.13 1 0
github.com/6ermvH/MerchShop/internal/repo/tx.go:48.9,52.17 4 0
github.com/6ermvH/MerchShop/internal/repo/tx.go:52.17,54.26 2 0
github.com/6ermvH/MerchShop/internal/repo/tx.go:54.26,56.4 1 0
github.com/6ermvH/MerchShop/internal/repo/tx.go:57.3,57.30 1 0
github.com/6ermvH/MerchShop/internal/repo/tx.go:57.30,59.4 1 0
github.com/6ermvH/MerchShop/internal/repo/tx.go:61.2,61.60 1 0
github.com/6ermvH/MerchShop/internal/repo/tx.go:61.60,63.3 1 0
github.com/6ermvH/MerchShop/internal/repo/tx.go:65.2,65.32 1 0
github.com/6ermvH/MerchShop/internal/repo/tx.go:65.32,68.18 3 0
github.com/6ermvH/MerchShop/internal/repo/tx.go:68.18,71.4 2 0
github.com/6ermvH/MerchShop/internal/repo/tx.go:73.3,74.17 2 0
github.com/6ermvH/MerchShop/internal/repo/tx.go:74.17,76.4 1 0
github.com/6ermvH/MerchShop/internal/repo/tx.go:78.3,79.17 2 0
github.com/6ermvH/MerchShop/internal/repo/tx.go:79.17,81.78 2 0
github.com/6ermvH/MerchShop/internal/repo/tx.go:81.78,82.13 1 0
github.com/6ermvH/MerchShop/internal/repo/tx.go:84.4,84.14 1 0
github.com/6ermvH/MerchShop/internal/repo/tx.go:86.3,86.42 1 0
github.com/6ermvH/MerchShop/internal/repo/tx.go:86.42,87.78 1 0
github.com/6ermvH/MerchShop/internal/repo/tx.go:87.78,88.13 1 0
github.com/6ermvH/MerchShop/internal/repo/tx.go:90.4,90.14 1 0
github.com/6ermvH/MerchShop/internal/repo/tx.go:92.3,92.13 1 0
github.com/6ermvH/MerchShop/internal/repo/tx.go:96.38,99.2 2 0
github.com/6ermvH/MerchShop/internal/repo/users.go:15.84,22.16 4 0
github.com/6ermvH/MerchShop/internal/repo/users.go:22.16,23.36 1 0
github.com/6ermvH/MerchShop/internal/repo/users.go:23.36,25.4 1 0
github.com/6ermvH/MerchShop/internal/repo/users.go:26.3,26.27 1 0
github.com/6ermvH/MerchShop/internal/repo/users.go:28.2,28.15 1 0
github.com/6ermvH/MerchShop/internal/repo/users.go:31.93,38.16 4 0
github.com/6ermvH/MerchShop/internal/repo/users.go:38.16,39.36 1 0
github.com/6ermvH/MerchShop/internal/repo/users.go:39.36,41.4 1 0
github.com/6ermvH/MerchShop/internal/repo/users.go:42.3,42.27 1 0
github.com/6ermvH/MerchShop/internal/repo/users.go:44.2,44.15 1 0
github.com/6ermvH/MerchShop/internal/repo/users.go:51.23,57.36 3 0
github.com/6ermvH/MerchShop/internal/repo/users.go:57.36,58.36 1 0
github.com/6ermvH/MerchShop/internal/repo/users.go:58.36,60.4 1 0
github.com/6ermvH/MerchShop/internal/repo/users.go:61.3,61.27 1 0
github.com/6ermvH/MerchShop/internal/repo/users.go:63.2,64.16 2 0
github.com/6ermvH/MerchShop/internal/repo/users.go:64.16,66.3 1 0
github.com/6ermvH/MerchShop/internal/repo/users.go:68.2,75.15 3 0
github.com/6ermvH/MerchShop/internal/repo/users.go:78.99,87.2 4 0
github.com/6ermvH/MerchShop/internal/logx/context.go:7.65,9.2 1 0
github.com/6ermvH/MerchShop/internal/logx/context.go:11.46,12.40 1 0
github.com/6ermvH/MerchShop/internal/logx/context.go:12.40,13.42 1 0
github.com/6ermvH/MerchShop/internal/logx/context.go:13.42,15.4 1 0
github.com/6ermvH/MerchShop/internal/logx/context.go:17.2,17.14 1 0
github.com/6ermvH/MerchShop/internal/logx/context.go:22.51,22.67 1 0
github.com/6ermvH/MerchShop/internal/logx/context.go:23.52,23.53 0 0
github.com/6ermvH/MerchShop/internal/logx/context.go:24.52,24.53 0 0
github.com/6ermvH/MerchShop/internal/logx/context.go:25.52,25.53 0 0
github.com/6ermvH/MerchShop/internal/logx/context.go:26.52,26.53 0 0
github.com/6ermvH/MerchShop/internal/logx/slogadapter.go:10.36,10.58 1 0
github.com/6ermvH/MerchShop/internal/logx/slogadapter.go:12.41,12.79 1 0
github.com/6ermvH/MerchShop/internal/logx/slogadapter.go:13.68,15.2 1 0
github.com/6ermvH/MerchShop/internal/logx/slogadapter.go:21.3,23.2 1 0
github.com/6ermvH/MerchShop/internal/logx/slogadapter.go:29.3,31.2 1 0
github.com/6ermvH/MerchShop/internal/logx/slogadapter.go:33.68,35.2 1 0
github.com/6ermvH/MerchShop/internal/repo/orders.go:13.24,22.2 4 0
github.com/6ermvH/MerchShop/internal/repo/orders.go:24.97,34.16 3 0
github.com/6ermvH/MerchShop/internal/repo/orders.go:34.16,36.3 1 0
github.com/6ermvH/MerchShop/internal/repo/orders.go:37.2,40.18 3 0
github.com/6ermvH/MerchShop/internal/repo/orders.go:40.18,42.115 2 0
github.com/6ermvH/MerchShop/internal/repo/orders.go:42.115,44.4 1 0
github.com/6ermvH/MerchShop/internal/repo/orders.go:45.3,45.29 1 0
github.com/6ermvH/MerchShop/internal/repo/orders.go:47.2,47.35 1 0
github.com/6ermvH/MerchShop/internal/repo/orders.go:47.35,49.3 1 0
github.com/6ermvH/MerchShop/internal/repo/orders.go:50.2,50.20 1 0
github.com/6ermvH/MerchShop/internal/repo/products.go:11.93,19.16 4 0
github.com/6ermvH/MerchShop/internal/repo/products.go:19.16,20.36 1 0
github.com/6ermvH/MerchShop/internal/repo/products.go:20.36,22.4 1 0
github.com/6ermvH/MerchShop/internal/repo/products.go:23.3,23.30 1 0
github.com/6ermvH/MerchShop/internal/repo/products.go:25.2,25.15 1 0
github.com/6ermvH/MerchShop/internal/repo/repo.go:15.27,17.2 1 0
github.com/6ermvH/MerchShop/internal/repo/repo.go:19.99,20.17 1 0
github.com/6ermvH/MerchShop/internal/repo/repo.go:20.17,22.3 1 0
github.com/6ermvH/MerchShop/internal/repo/repo.go:23.2,23.28 1 0
github.com/6ermvH/MerchShop/internal/repo/repo.go:23.28,25.3 1 0
github.com/6ermvH/MerchShop/internal/repo/repo.go:27.2,27.57 1 0
github.com/6ermvH/MerchShop/internal/repo/repo.go:27.57,28.71 1 0
github.com/6ermvH/MerchShop/internal/repo/repo.go:28.71,30.4 1 0
github.com/6ermvH/MerchShop/internal/repo/repo.go:31.3,31.69 1 0
github.com/6ermvH/MerchShop/internal/repo/repo.go:31.69,33.4 1 0
github.com/6ermvH/MerchShop/internal/repo/repo.go:34.3,35.13 2 0
github.com/6ermvH/MerchShop/internal/repo/repo.go:43.9,44.57 1 0
github.com/6ermvH/MerchShop/internal/repo/repo.go:44.57,46.17 2 0
github.com/6ermvH/MerchShop/internal/repo/repo.go:46.17,48.4 1 0
github.com/6ermvH/MerchShop/internal/repo/repo.go:49.3,49.74 1 0
github.com/6ermvH/MerchShop/internal/repo/repo.go:49.74,51.4 1 0
github.com/6ermvH/MerchShop/internal/repo/repo.go:52.3,52.69 1 0
github.com/6ermvH/MerchShop/internal/repo/repo.go:52.69,54.4 1 0
github.com/6ermvH/MerchShop/internal/repo/repo.go:55.3,55.13 1 0
github.com/6ermvH/MerchShop/internal/repo/transfers.go:14.27,23.2 4 0
github.com/6ermvH/MerchShop/internal/repo/transfers.go:25.97,33.16 3 0
github.com/6ermvH/MerchShop/internal/repo/transfers.go:33.16,35.3 1 0
github.com/6ermvH/MerchShop/internal/repo/transfers.go:36.2,39.18 3 0
github.com/6ermvH/MerchShop/internal/repo/transfers.go:39.18,41.112 2 0
github.com/6ermvH/MerchShop/internal/repo/transfers.go:41.112,43.4 1 0
github.com/6ermvH/MerchShop/internal/repo/transfers.go:44.3,44.35 1 0
github.com/6ermvH/MerchShop/internal/repo/transfers.go:46.2,46.35 1 0
github.com/6ermvH/MerchShop/internal/repo/transfers.go:46.35,48.3 1 0
github.com/6ermvH/MerchShop/internal/repo/transfers.go:49.2,49.23 1 0
github.com/6ermvH/MerchShop/internal/repo/transfers.go:52.95,60.16 3 0
github.com/6ermvH/MerchShop/internal/repo/transfers.go:60.16,62.3 1 0
github.com/6ermvH/MerchShop/internal/repo/transfers.go:63.2,66.18 3 0
github.com/6ermvH/MerchShop/internal/repo/transfers.go:66.18,68.110 2 0
github.com/6ermvH/MerchShop/internal/repo/transfers.go:68.110,70.4 1 0
github.com/6ermvH/MerchShop/internal/repo/transfers.go:71.3,71.35 1 0
github.com/6ermvH/MerchShop/internal/repo/transfers.go:73.2,73.35 1 0
github.com/6ermvH/MerchShop/internal/repo/transfers.go:73.35,75.3 1 0
github.com/6ermvH/MerchShop/internal/repo/transfers.go:76.2,76.23 1 0
github.com/6ermvH/MerchShop/internal/repo/tx.go:31.51,32.60 1 0
github.com/6ermvH/MerchShop/internal/repo/tx.go:32.60,34.3 1 0
github.com/6ermvH/MerchShop/internal/repo/tx.go:35.2,35.13 1 0
github.com/6ermvH/MerchShop/internal/repo/tx.go:48.9,52.17 4 0
github.com/6ermvH/MerchShop/internal/repo/tx.go:52.17,54.26 2 0
github.com/6ermvH/MerchShop/internal/repo/tx.go:54.26,56.4 1 0
github.com/6ermvH/MerchShop/internal/repo/tx.go:57.3,57.30 1 0
github.com/6ermvH/MerchShop/internal/repo/tx.go:57.30,59.4 1 0
github.com/6ermvH/MerchShop/internal/repo/tx.go:61.2,61.60 1 0
github.com/6ermvH/MerchShop/internal/repo/tx.go:61.60,63.3 1 0
github.com/6ermvH/MerchShop/internal/repo/tx.go:65.2,65.32 1 0
github.com/6ermvH/MerchShop/internal/repo/tx.go:65.32,68.18 3 0
github.com/6ermvH/MerchShop/internal/repo/tx.go:68.18,71.4 2 0
github.com/6ermvH/MerchShop/internal/repo/tx.go:73.3,74.17 2 0
github.com/6ermvH/MerchShop/internal/repo/tx.go:74.17,76.4 1 0
github.com/6ermvH/MerchShop/internal/repo/tx.go:78.3,79.17 2 0
github.com/6ermvH/MerchShop/internal/repo/tx.go:79.17,81.78 2 0
github.com/6ermvH/MerchShop/internal/repo/tx.go:81.78,82.13 1 0
github.com/6ermvH/MerchShop/internal/repo/tx.go:84.4,84.14 1 0
github.com/6ermvH/MerchShop/internal/repo/tx.go:86.3,86.42 1 0
github.com/6ermvH/MerchShop/internal/repo/tx.go:86.42,87.78 1 0
github.com/6ermvH/MerchShop/internal/repo/tx.go:87.78,88.13 1 0
github.com/6ermvH/MerchShop/internal/repo/tx.go:90.4,90.14 1 0
github.com/6ermvH/MerchShop/internal/repo/tx.go:92.3,92.13 1 0
github.com/6ermvH/MerchShop/internal/repo/tx.go:96.38,99.2 2 0
github.com/6ermvH/MerchShop/internal/repo/users.go:15.84,22.16 4 0
github.com/6ermvH/MerchShop/internal/repo/users.go:22.16,23.36 1 0
github.com/6ermvH/MerchShop/internal/repo/users.go:23.36,25.4 1 0
github.com/6ermvH/MerchShop/internal/repo/users.go:26.3,26.27 1 0
github.com/6ermvH/MerchShop/internal/repo/users.go:28.2,28.15 1 0
github.com/6ermvH/MerchShop/internal/repo/users.go:31.93,38.16 4 0
github.com/6ermvH/MerchShop/internal/repo/users.go:38.16,39.36 1 0
github.com/6ermvH/MerchShop/internal/repo/users.go:39.36,41.4 1 0
github.com/6ermvH/MerchShop/internal/repo/users.go:42.3,42.27 1 0
github.com/6ermvH/MerchShop/internal/repo/users.go:44.2,44.15 1 0
github.com/6ermvH/MerchShop/internal/repo/users.go:51.23,57.36 3 0
github.com/6ermvH/MerchShop/internal/repo/users.go:57.36,58.36 1 0
github.com/6ermvH/MerchShop/internal/repo/users.go:58.36,60.4 1 0
github.com/6ermvH/MerchShop/internal/repo/users.go:61.3,61.27 1 0
github.com/6ermvH/MerchShop/internal/repo/users.go:63.2,64.16 2 0
github.com/6ermvH/MerchShop/internal/repo/users.go:64.16,66.3 1 0
github.com/6ermvH/MerchShop/internal/repo/users.go:68.2,75.15 3 0
github.com/6ermvH/MerchShop/internal/repo/users.go:78.99,87.2 4 0
github.com/6ermvH/MerchShop/internal/jwtutil/jwtutil.go:17.47,19.2 1 0
github.com/6ermvH/MerchShop/internal/jwtutil/jwtutil.go:21.67,29.16 4 0
github.com/6ermvH/MerchShop/internal/jwtutil/jwtutil.go:29.16,31.3 1 0
github.com/6ermvH/MerchShop/internal/jwtutil/jwtutil.go:32.2,32.17 1 0
github.com/6ermvH/MerchShop/internal/jwtutil/jwtutil.go:40.61,41.63 1 0
github.com/6ermvH/MerchShop/internal/jwtutil/jwtutil.go:41.63,42.53 1 0
github.com/6ermvH/MerchShop/internal/jwtutil/jwtutil.go:42.53,44.4 1 0
github.com/6ermvH/MerchShop/internal/jwtutil/jwtutil.go:45.3,45.24 1 0
github.com/6ermvH/MerchShop/internal/jwtutil/jwtutil.go:47.2,47.30 1 0
github.com/6ermvH/MerchShop/internal/jwtutil/jwtutil.go:47.30,49.3 1 0
github.com/6ermvH/MerchShop/internal/jwtutil/jwtutil.go:50.2,51.9 2 0
github.com/6ermvH/MerchShop/internal/jwtutil/jwtutil.go:51.9,53.3 1 0
github.com/6ermvH/MerchShop/internal/jwtutil/jwtutil.go:54.2,54.20 1 0
github.com/6ermvH/MerchShop/cmd/api/main.go:19.13,25.15 5 0
github.com/6ermvH/MerchShop/cmd/api/main.go:25.15,28.3 2 0
github.com/6ermvH/MerchShop/cmd/api/main.go:29.2,36.16 7 0
github.com/6ermvH/MerchShop/cmd/api/main.go:36.16,39.3 2 0
github.com/6ermvH/MerchShop/cmd/api/main.go:40.2,49.41 7 0
github.com/6ermvH/MerchShop/cmd/api/main.go:49.41,49.74 1 0
github.com/6ermvH/MerchShop/cmd/api/main.go:51.2,55.42 4 0
github.com/6ermvH/MerchShop/cmd/api/main.go:55.42,58.3 2 0
github.com/6ermvH/MerchShop/cmd/api/main.go:61.37,62.34 1 0
github.com/6ermvH/MerchShop/cmd/api/main.go:62.34,64.3 1 0
github.com/6ermvH/MerchShop/cmd/api/main.go:65.2,65.12 1 0
github.com/6ermvH/MerchShop/gen/mock/handlers/mock_handlers.go:26.65,30.2 3 0
github.com/6ermvH/MerchShop/gen/mock/handlers/mock_handlers.go:33.63,35.2 1 0
github.com/6ermvH/MerchShop/gen/mock/handlers/mock_handlers.go:38.54,41.2 2 0
github.com/6ermvH/MerchShop/gen/mock/handlers/mock_handlers.go:44.79,47.2 2 0
github.com/6ermvH/MerchShop/gen/mock/handlers/mock_handlers.go:50.56,53.2 2 0
github.com/6ermvH/MerchShop/gen/mock/handlers/mock_handlers.go:56.81,59.2 2 0
github.com/6ermvH/MerchShop/gen/mock/handlers/mock_handlers.go:62.53,65.2 2 0
github.com/6ermvH/MerchShop/gen/mock/handlers/mock_handlers.go:68.78,71.2 2 0
github.com/6ermvH/MerchShop/gen/mock/handlers/mock_handlers.go:74.58,77.2 2 0
github.com/6ermvH/MerchShop/gen/mock/handlers/mock_handlers.go:80.83,83.2 2 0
github.com/6ermvH/MerchShop/gen/mock/repo/mock_repo.go:28.63,32.2 3 33
github.com/6ermvH/MerchShop/gen/mock/repo/mock_repo.go:35.61,37.2 1 52
github.com/6ermvH/MerchShop/gen/mock/repo/mock_repo.go:40.110,46.2 5 0
github.com/6ermvH/MerchShop/gen/mock/repo/mock_repo.go:49.96,52.2 2 0
github.com/6ermvH/MerchShop/gen/mock/repo/mock_repo.go:55.102,60.2 4 14
github.com/6ermvH/MerchShop/gen/mock/repo/mock_repo.go:63.101,66.2 2 14
github.com/6ermvH/MerchShop/gen/mock/repo/mock_repo.go:69.108,75.2 5 0
github.com/6ermvH/MerchShop/gen/mock/repo/mock_repo.go:78.99,81.2 2 0
github.com/6ermvH/MerchShop/gen/mock/repo/mock_repo.go:84.123,90.2 5 0
github.com/6ermvH/MerchShop/gen/mock/repo/mock_repo.go:93.105,96.2 2 0
github.com/6ermvH/MerchShop/gen/mock/repo/mock_repo.go:99.108,105.2 5 2
github.com/6ermvH/MerchShop/gen/mock/repo/mock_repo.go:108.103,111.2 2 2
github.com/6ermvH/MerchShop/gen/mock/repo/mock_repo.go:114.106,120.2 5 4
github.com/6ermvH/MerchShop/gen/mock/repo/mock_repo.go:123.95,126.2 2 4
github.com/6ermvH/MerchShop/gen/mock/repo/mock_repo.go:129.102,135.2 5 0
github.com/6ermvH/MerchShop/gen/mock/repo/mock_repo.go:138.94,141.2 2 0
github.com/6ermvH/MerchShop/gen/mock/repo/mock_repo.go:144.110,150.2 5 3
github.com/6ermvH/MerchShop/gen/mock/repo/mock_repo.go:153.96,156.2 2 3
github.com/6ermvH/MerchShop/gen/mock/repo/mock_repo.go:159.106,165.2 5 2
github.com/6ermvH/MerchShop/gen/mock/repo/mock_repo.go:168.92,171.2 2 2
github.com/6ermvH/MerchShop/gen/mock/repo/mock_repo.go:174.93,180.2 5 14
github.com/6ermvH/MerchShop/gen/mock/repo/mock_repo.go:183.85,186.2 2 14
github.com/6ermvH/MerchShop/gen/mock/repo/mock_repo.go:189.102,195.2 5 10
github.com/6ermvH/MerchShop/gen/mock/repo/mock_repo.go:198.97,201.2 2 10
github.com/6ermvH/MerchShop/gen/mock/repo/mock_repo.go:204.100,209.2 4 3
github.com/6ermvH/MerchShop/gen/mock/repo/mock_repo.go:212.100,215.2 2 3
github.com/6ermvH/MerchShop/gen/openapi/routers.go:31.64,33.2 1 0
github.com/6ermvH/MerchShop/gen/openapi/routers.go:36.97,37.51 1 0
github.com/6ermvH/MerchShop/gen/openapi/routers.go:37.51,38.31 1 0
github.com/6ermvH/MerchShop/gen/openapi/routers.go:38.31,40.4 1 0
github.com/6ermvH/MerchShop/gen/openapi/routers.go:41.3,41.23 1 0
github.com/6ermvH/MerchShop/gen/openapi/routers.go:42.23,43.48 1 0
github.com/6ermvH/MerchShop/gen/openapi/routers.go:44.24,45.49 1 0
github.com/6ermvH/MerchShop/gen/openapi/routers.go:46.23,47.48 1 0
github.com/6ermvH/MerchShop/gen/openapi/routers.go:48.25,49.50 1 0
github.com/6ermvH/MerchShop/gen/openapi/routers.go:50.26,51.51 1 0
github.com/6ermvH/MerchShop/gen/openapi/routers.go:55.2,55.15 1 0
github.com/6ermvH/MerchShop/gen/openapi/routers.go:59.40,61.2 1 0
github.com/6ermvH/MerchShop/gen/openapi/routers.go:69.60,96.2 1 0
github.com/6ermvH/MerchShop/internal/db/pool.go:10.70,12.16 2 0
github.com/6ermvH/MerchShop/internal/db/pool.go:12.16,14.3 1 0
github.com/6ermvH/MerchShop/internal/db/pool.go:15.2,15.18 1 0
github.com/6ermvH/MerchShop/internal/hasher/hasher.go:5.46,8.2 2 4
github.com/6ermvH/MerchShop/internal/hasher/hasher.go:10.43,12.2 1 3
github.com/6ermvH/MerchShop/internal/http/handlers/auth.go:15.45,17.51 2 6
github.com/6ermvH/MerchShop/internal/http/handlers/auth.go:17.51,20.3 2 1
github.com/6ermvH/MerchShop/internal/http/handlers/auth.go:22.2,26.13 4 5
github.com/6ermvH/MerchShop/internal/http/handlers/auth.go:27.11,28.83 1 2
github.com/6ermvH/MerchShop/internal/http/handlers/auth.go:28.83,31.4 2 1
github.com/6ermvH/MerchShop/internal/http/handlers/auth.go:32.24,34.17 2 2
github.com/6ermvH/MerchShop/internal/http/handlers/auth.go:34.17,37.4 2 0
github.com/6ermvH/MerchShop/internal/http/handlers/auth.go:38.3,39.17 2 2
github.com/6ermvH/MerchShop/internal/http/handlers/auth.go:39.17,42.4 2 1
github.com/6ermvH/MerchShop/internal/http/handlers/auth.go:43.10,45.9 2 1
github.com/6ermvH/MerchShop/internal/http/handlers/auth.go:48.2,49.16 2 2
github.com/6ermvH/MerchShop/internal/http/handlers/auth.go:49.16,52.3 2 0
github.com/6ermvH/MerchShop/internal/http/handlers/auth.go:54.2,56.4 1 2
github.com/6ermvH/MerchShop/internal/http/handlers/buy.go:15.47,17.19 2 14
github.com/6ermvH/MerchShop/internal/http/handlers/buy.go:17.19,20.3 2 0
github.com/6ermvH/MerchShop/internal/http/handlers/buy.go:22.2,23.9 2 14
github.com/6ermvH/MerchShop/internal/http/handlers/buy.go:23.9,26.3 2 0
github.com/6ermvH/MerchShop/internal/http/handlers/buy.go:27.2,32.68 4 14
github.com/6ermvH/MerchShop/internal/http/handlers/buy.go:32.68,35.3 2 4
github.com/6ermvH/MerchShop/internal/http/handlers/buy.go:37.2,37.25 1 10
github.com/6ermvH/MerchShop/internal/http/handlers/handlers.go:18.55,23.2 1 33
github.com/6ermvH/MerchShop/internal/http/handlers/handlers.go:25.47,29.2 3 6
github.com/6ermvH/MerchShop/internal/http/handlers/handlers.go:29.2,33.3 3 6
github.com/6ermvH/MerchShop/internal/http/handlers/info.go:14.44,16.9 2 5
github.com/6ermvH/MerchShop/internal/http/handlers/info.go:16.9,19.3 2 1
github.com/6ermvH/MerchShop/internal/http/handlers/info.go:20.2,26.16 5 4
github.com/6ermvH/MerchShop/internal/http/handlers/info.go:26.16,29.3 2 1
github.com/6ermvH/MerchShop/internal/http/handlers/info.go:30.2,33.16 3 3
github.com/6ermvH/MerchShop/internal/http/handlers/info.go:33.16,36.3 2 1
github.com/6ermvH/MerchShop/internal/http/handlers/info.go:37.2,38.27 2 2
github.com/6ermvH/MerchShop/internal/http/handlers/info.go:38.27,44.3 1 2
github.com/6ermvH/MerchShop/internal/http/handlers/info.go:46.2,47.16 2 2
github.com/6ermvH/MerchShop/internal/http/handlers/info.go:47.16,50.3 2 1
github.com/6ermvH/MerchShop/internal/http/handlers/info.go:51.2,52.27 2 1
github.com/6ermvH/MerchShop/internal/http/handlers/info.go:52.27,58.3 1 1
github.com/6ermvH/MerchShop/internal/http/handlers/info.go:60.2,69.33 2 1
github.com/6ermvH/MerchShop/internal/http/handlers/info.go:74.91,78.31 3 3
github.com/6ermvH/MerchShop/internal/http/handlers/info.go:78.31,80.3 1 5
github.com/6ermvH/MerchShop/internal/http/handlers/info.go:82.2,82.43 1 3
github.com/6ermvH/MerchShop/internal/http/handlers/info.go:82.43,88.3 1 4
github.com/6ermvH/MerchShop/internal/http/handlers/info.go:90.2,90.18 1 3
github.com/6ermvH/MerchShop/internal/http/handlers/send.go:17.49,19.51 2 11
github.com/6ermvH/MerchShop/internal/http/handlers/send.go:19.51,22.3 2 1
github.com/6ermvH/MerchShop/internal/http/handlers/send.go:23.2,23.68 1 10
github.com/6ermvH/MerchShop/internal/http/handlers/send.go:23.68,26.3 2 4
github.com/6ermvH/MerchShop/internal/http/handlers/send.go:28.2,29.9 2 6
github.com/6ermvH/MerchShop/internal/http/handlers/send.go:29.9,32.3 2 1
github.com/6ermvH/MerchShop/internal/http/handlers/send.go:33.2,39.16 5 5
github.com/6ermvH/MerchShop/internal/http/handlers/send.go:39.16,40.39 1 2
github.com/6ermvH/MerchShop/internal/http/handlers/send.go:40.39,43.4 2 1
github.com/6ermvH/MerchShop/internal/http/handlers/send.go:44.3,45.9 2 1
github.com/6ermvH/MerchShop/internal/http/handlers/send.go:48.2,48.88 1 3
github.com/6ermvH/MerchShop/internal/http/handlers/send.go:48.88,49.10 1 2
github.com/6ermvH/MerchShop/internal/http/handlers/send.go:50.60,54.5 1 1
github.com/6ermvH/MerchShop/internal/http/handlers/send.go:55.11,56.86 1 1
github.com/6ermvH/MerchShop/internal/http/handlers/send.go:58.3,58.9 1 2
github.com/6ermvH/MerchShop/internal/http/handlers/send.go:61.2,61.25 1 1
github.com/6ermvH/MerchShop/internal/http/middleware/auth.go:19.70,20.30 1 20
github.com/6ermvH/MerchShop/internal/http/middleware/auth.go:20.30,22.16 2 14
github.com/6ermvH/MerchShop/internal/http/middleware/auth.go:22.16,25.4 2 0
github.com/6ermvH/MerchShop/internal/http/middleware/auth.go:27.3,31.34 4 14
github.com/6ermvH/MerchShop/internal/http/middleware/auth.go:31.34,34.4 2 0
github.com/6ermvH/MerchShop/internal/http/middleware/auth.go:36.3,37.24 2 14
github.com/6ermvH/MerchShop/internal/http/middleware/auth.go:37.24,40.4 2 0
github.com/6ermvH/MerchShop/internal/http/middleware/auth.go:42.3,43.23 2 14
github.com/6ermvH/MerchShop/internal/http/middleware/auth.go:43.23,46.4 2 0
github.com/6ermvH/MerchShop/internal/http/middleware/auth.go:48.3,49.17 2 14
github.com/6ermvH/MerchShop/internal/http/middleware/auth.go:49.17,55.4 2 0
github.com/6ermvH/MerchShop/internal/http/middleware/auth.go:57.3,58.44 2 14
github.com/6ermvH/MerchShop/internal/http/middleware/auth.go:58.44,61.4 2 0
github.com/6ermvH/MerchShop/internal/http/middleware/auth.go:61.9,61.37 1 14
github.com/6ermvH/MerchShop/internal/http/middleware/auth.go:61.37,63.4 1 0
github.com/6ermvH/MerchShop/internal/http/middleware/auth.go:66.3,66.28 1 14
github.com/6ermvH/MerchShop/internal/http/middleware/auth.go:66.28,72.4 2 0
github.com/6ermvH/MerchShop/internal/http/middleware/auth.go:74.3,75.11 2 14
github.com/6ermvH/MerchShop/internal/http/middleware/auth.go:79.35,81.40 2 14
github.com/6ermvH/MerchShop/internal/http/middleware/auth.go:81.40,83.3 1 14
github.com/6ermvH/MerchShop/internal/http/middleware/auth.go:84.2,84.11 1 0
github.com/6ermvH/MerchShop/internal/http/middleware/log.go:11.42,12.30 1 0
github.com/6ermvH/MerchShop/internal/http/middleware/log.go:12.30,32.3 7 0
github.com/6ermvH/MerchShop/internal/http/middleware/request_id.go:12.34,13.30 1 0
github.com/6ermvH/MerchShop/internal/http/middleware/request_id.go:13.30,17.3 3 0
github.com/6ermvH/MerchShop/internal/jwtutil/jwtutil.go:17.47,19.2 1 20
github.com/6ermvH/MerchShop/internal/jwtutil/jwtutil.go:21.67,29.16 4 16
github.com/6ermvH/MerchShop/internal/jwtutil/jwtutil.go:29.16,31.3 1 0
github.com/6ermvH/MerchShop/internal/jwtutil/jwtutil.go:32.2,32.17 1 16
github.com/6ermvH/MerchShop/internal/jwtutil/jwtutil.go:40.61,41.63 1 14
github.com/6ermvH/MerchShop/internal/jwtutil/jwtutil.go:41.63,42.53 1 14
github.com/6ermvH/MerchShop/internal/jwtutil/jwtutil.go:42.53,44.4 1 0
github.com/6ermvH/MerchShop/internal/jwtutil/jwtutil.go:45.3,45.24 1 14
github.com/6ermvH/MerchShop/internal/jwtutil/jwtutil.go:47.2,47.30 1 14
github.com/6ermvH/MerchShop/internal/jwtutil/jwtutil.go:47.30,49.3 1 0
github.com/6ermvH/MerchShop/internal/jwtutil/jwtutil.go:50.2,51.9 2 14
github.com/6ermvH/MerchShop/internal/jwtutil/jwtutil.go:51.9,53.3 1 0
github.com/6ermvH/MerchShop/internal/jwtutil/jwtutil.go:54.2,54.20 1 14
github.com/6ermvH/MerchShop/internal/logx/context.go:7.65,9.2 1 0
github.com/6ermvH/MerchShop/internal/logx/context.go:11.46,12.40 1 0
github.com/6ermvH/MerchShop/internal/logx/context.go:12.40,13.42 1 0
github.com/6ermvH/MerchShop/internal/logx/context.go:13.42,15.4 1 0
github.com/6ermvH/MerchShop/internal/logx/context.go:17.2,17.14 1 0
github.com/6ermvH/MerchShop/internal/logx/context.go:22.51,22.67 1 0
github.com/6ermvH/MerchShop/internal/logx/context.go:23.52,23.53 0 0
github.com/6ermvH/MerchShop/internal/logx/context.go:24.52,24.53 0 0
github.com/6ermvH/MerchShop/internal/logx/context.go:25.52,25.53 0 0
github.com/6ermvH/MerchShop/internal/logx/context.go:26.52,26.53 0 0
github.com/6ermvH/MerchShop/internal/logx/slogadapter.go:10.36,10.58 1 0
github.com/6ermvH/MerchShop/internal/logx/slogadapter.go:12.41,12.79 1 0
github.com/6ermvH/MerchShop/internal/logx/slogadapter.go:13.68,15.2 1 0
github.com/6ermvH/MerchShop/internal/logx/slogadapter.go:21.3,23.2 1 0
github.com/6ermvH/MerchShop/internal/logx/slogadapter.go:29.3,31.2 1 0
github.com/6ermvH/MerchShop/internal/logx/slogadapter.go:33.68,35.2 1 0
github.com/6ermvH/MerchShop/internal/repo/orders.go:13.24,22.2 4 0
github.com/6ermvH/MerchShop/internal/repo/orders.go:24.97,34.16 3 0
github.com/6ermvH/MerchShop/internal/repo/orders.go:34.16,36.3 1 0
github.com/6ermvH/MerchShop/internal/repo/orders.go:37.2,40.18 3 0
github.com/6ermvH/MerchShop/internal/repo/orders.go:40.18,42.115 2 0
github.com/6ermvH/MerchShop/internal/repo/orders.go:42.115,44.4 1 0
github.com/6ermvH/MerchShop/internal/repo/orders.go:45.3,45.29 1 0
github.com/6ermvH/MerchShop/internal/repo/orders.go:47.2,47.35 1 0
github.com/6ermvH/MerchShop/internal/repo/orders.go:47.35,49.3 1 0
github.com/6ermvH/MerchShop/internal/repo/orders.go:50.2,50.20 1 0
github.com/6ermvH/MerchShop/internal/repo/products.go:11.93,19.16 4 0
github.com/6ermvH/MerchShop/internal/repo/products.go:19.16,20.36 1 0
github.com/6ermvH/MerchShop/internal/repo/products.go:20.36,22.4 1 0
github.com/6ermvH/MerchShop/internal/repo/products.go:23.3,23.30 1 0
github.com/6ermvH/MerchShop/internal/repo/products.go:25.2,25.15 1 0
github.com/6ermvH/MerchShop/internal/repo/repo.go:15.27,17.2 1 0
github.com/6ermvH/MerchShop/internal/repo/repo.go:19.99,20.17 1 0
github.com/6ermvH/MerchShop/internal/repo/repo.go:20.17,22.3 1 0
github.com/6ermvH/MerchShop/internal/repo/repo.go:23.2,23.28 1 0
github.com/6ermvH/MerchShop/internal/repo/repo.go:23.28,25.3 1 0
github.com/6ermvH/MerchShop/internal/repo/repo.go:27.2,27.57 1 0
github.com/6ermvH/MerchShop/internal/repo/repo.go:27.57,28.71 1 0
github.com/6ermvH/MerchShop/internal/repo/repo.go:28.71,30.4 1 0
github.com/6ermvH/MerchShop/internal/repo/repo.go:31.3,31.69 1 0
github.com/6ermvH/MerchShop/internal/repo/repo.go:31.69,33.4 1 0
github.com/6ermvH/MerchShop/internal/repo/repo.go:34.3,35.13 2 0
github.com/6ermvH/MerchShop/internal/repo/repo.go:43.9,44.57 1 0
github.com/6ermvH/MerchShop/internal/repo/repo.go:44.57,46.17 2 0
github.com/6ermvH/MerchShop/internal/repo/repo.go:46.17,48.4 1 0
github.com/6ermvH/MerchShop/internal/repo/repo.go:49.3,49.74 1 0
github.com/6ermvH/MerchShop/internal/repo/repo.go:49.74,51.4 1 0
github.com/6ermvH/MerchShop/internal/repo/repo.go:52.3,52.69 1 0
github.com/6ermvH/MerchShop/internal/repo/repo.go:52.69,54.4 1 0
github.com/6ermvH/MerchShop/internal/repo/repo.go:55.3,55.13 1 0
github.com/6ermvH/MerchShop/internal/repo/transfers.go:14.27,23.2 4 0
github.com/6ermvH/MerchShop/internal/repo/transfers.go:25.97,33.16 3 0
github.com/6ermvH/MerchShop/internal/repo/transfers.go:33.16,35.3 1 0
github.com/6ermvH/MerchShop/internal/repo/transfers.go:36.2,39.18 3 0
github.com/6ermvH/MerchShop/internal/repo/transfers.go:39.18,41.112 2 0
github.com/6ermvH/MerchShop/internal/repo/transfers.go:41.112,43.4 1 0
github.com/6ermvH/MerchShop/internal/repo/transfers.go:44.3,44.35 1 0
github.com/6ermvH/MerchShop/internal/repo/transfers.go:46.2,46.35 1 0
github.com/6ermvH/MerchShop/internal/repo/transfers.go:46.35,48.3 1 0
github.com/6ermvH/MerchShop/internal/repo/transfers.go:49.2,49.23 1 0
github.com/6ermvH/MerchShop/internal/repo/transfers.go:52.95,60.16 3 0
github.com/6ermvH/MerchShop/internal/repo/transfers.go:60.16,62.3 1 0
github.com/6ermvH/MerchShop/internal/repo/transfers.go:63.2,66.18 3 0
github.com/6ermvH/MerchShop/internal/repo/transfers.go:66.18,68.110 2 0
github.com/6ermvH/MerchShop/internal/repo/transfers.go:68.110,70.4 1 0
github.com/6ermvH/MerchShop/internal/repo/transfers.go:71.3,71.35 1 0
github.com/6ermvH/MerchShop/internal/repo/transfers.go:73.2,73.35 1 0
github.com/6ermvH/MerchShop/internal/repo/transfers.go:73.35,75.3 1 0
github.com/6ermvH/MerchShop/internal/repo/transfers.go:76.2,76.23 1 0
github.com/6ermvH/MerchShop/internal/repo/tx.go:31.51,32.60 1 0
github.com/6ermvH/MerchShop/internal/repo/tx.go:32.60,34.3 1 0
github.com/6ermvH/MerchShop/internal/repo/tx.go:35.2,35.13 1 0
github.com/6ermvH/MerchShop/internal/repo/tx.go:48.9,52.17 4 0
github.com/6ermvH/MerchShop/internal/repo/tx.go:52.17,54.26 2 0
github.com/6ermvH/MerchShop/internal/repo/tx.go:54.26,56.4 1 0
github.com/6ermvH/MerchShop/internal/repo/tx.go:57.3,57.30 1 0
github.com/6ermvH/MerchShop/internal/repo/tx.go:57.30,59.4 1 0
github.com/6ermvH/MerchShop/internal/repo/tx.go:61.2,61.60 1 0
github.com/6ermvH/MerchShop/internal/repo/tx.go:61.60,63.3 1 0
github.com/6ermvH/MerchShop/internal/repo/tx.go:65.2,65.32 1 0
github.com/6ermvH/MerchShop/internal/repo/tx.go:65.32,68.18 3 0
github.com/6ermvH/MerchShop/internal/repo/tx.go:68.18,71.4 2 0
github.com/6ermvH/MerchShop/internal/repo/tx.go:73.3,74.17 2 0
github.com/6ermvH/MerchShop/internal/repo/tx.go:74.17,76.4 1 0
github.com/6ermvH/MerchShop/internal/repo/tx.go:78.3,79.17 2 0
github.com/6ermvH/MerchShop/internal/repo/tx.go:79.17,81.78 2 0
github.com/6ermvH/MerchShop/internal/repo/tx.go:81.78,82.13 1 0
github.com/6ermvH/MerchShop/internal/repo/tx.go:84.4,84.14 1 0
github.com/6ermvH/MerchShop/internal/repo/tx.go:86.3,86.42 1 0
github.com/6ermvH/MerchShop/internal/repo/tx.go:86.42,87.78 1 0
github.com/6ermvH/MerchShop/internal/repo/tx.go:87.78,88.13 1 0
github.com/6ermvH/MerchShop/internal/repo/tx.go:90.4,90.14 1 0
github.com/6ermvH/MerchShop/internal/repo/tx.go:92.3,92.13 1 0
github.com/6ermvH/MerchShop/internal/repo/tx.go:96.38,99.2 2 0
github.com/6ermvH/MerchShop/internal/repo/users.go:15.84,22.16 4 0
github.com/6ermvH/MerchShop/internal/repo/users.go:22.16,23.36 1 0
github.com/6ermvH/MerchShop/internal/repo/users.go:23.36,25.4 1 0
github.com/6ermvH/MerchShop/internal/repo/users.go:26.3,26.27 1 0
github.com/6ermvH/MerchShop/internal/repo/users.go:28.2,28.15 1 0
github.com/6ermvH/MerchShop/internal/repo/users.go:31.93,38.16 4 0
github.com/6ermvH/MerchShop/internal/repo/users.go:38.16,39.36 1 0
github.com/6ermvH/MerchShop/internal/repo/users.go:39.36,41.4 1 0
github.com/6ermvH/MerchShop/internal/repo/users.go:42.3,42.27 1 0
github.com/6ermvH/MerchShop/internal/repo/users.go:44.2,44.15 1 0
github.com/6ermvH/MerchShop/internal/repo/users.go:51.23,57.36 3 0
github.com/6ermvH/MerchShop/internal/repo/users.go:57.36,58.36 1 0
github.com/6ermvH/MerchShop/internal/repo/users.go:58.36,60.4 1 0
github.com/6ermvH/MerchShop/internal/repo/users.go:61.3,61.27 1 0
github.com/6ermvH/MerchShop/internal/repo/users.go:63.2,64.16 2 0
github.com/6ermvH/MerchShop/internal/repo/users.go:64.16,66.3 1 0
github.com/6ermvH/MerchShop/internal/repo/users.go:68.2,75.15 3 0
github.com/6ermvH/MerchShop/internal/repo/users.go:78.99,87.2 4 0
